[     247ms] [ERROR] WebSocket connection to 'ws://localhost:8002/ws/' failed: Error during WebSocket handshake: Unexpected response code: 404 @ http://localhost:8002/static/websockets/js/ws.js:62
[    2258ms] [ERROR] WebSocket connection to 'ws://localhost:8002/ws/' failed: Error during WebSocket handshake: Unexpected response code: 404 @ http://localhost:8002/static/websockets/js/ws.js:62
[    5263ms] [ERROR] WebSocket connection to 'ws://localhost:8002/ws/' failed: Error during WebSocket handshake: Unexpected response code: 404 @ http://localhost:8002/static/websockets/js/ws.js:62
[    9769ms] [ERROR] WebSocket connection to 'ws://localhost:8002/ws/' failed: Error during WebSocket handshake: Unexpected response code: 404 @ http://localhost:8002/static/websockets/js/ws.js:62
[   16529ms] [ERROR] WebSocket connection to 'ws://localhost:8002/ws/' failed: Error during WebSocket handshake: Unexpected response code: 404 @ http://localhost:8002/static/websockets/js/ws.js:62
[   26665ms] [ERROR] WebSocket connection to 'ws://localhost:8002/ws/' failed: Error during WebSocket handshake: Unexpected response code: 404 @ http://localhost:8002/static/websockets/js/ws.js:62
[   41880ms] [ERROR] WebSocket connection to 'ws://localhost:8002/ws/' failed: Error during WebSocket handshake: Unexpected response code: 404 @ http://localhost:8002/static/websockets/js/ws.js:62
[   64738ms] [ERROR] WebSocket connection to 'ws://localhost:8002/ws/' failed: Error during WebSocket handshake: Unexpected response code: 404 @ http://localhost:8002/static/websockets/js/ws.js:62
[   94743ms] [ERROR] WebSocket connection to 'ws://localhost:8002/ws/' failed: Error during WebSocket handshake: Unexpected response code: 404 @ http://localhost:8002/static/websockets/js/ws.js:62
[  124751ms] [ERROR] WebSocket connection to 'ws://localhost:8002/ws/' failed: Error during WebSocket handshake: Unexpected response code: 404 @ http://localhost:8002/static/websockets/js/ws.js:62
[  154755ms] [ERROR] WebSocket connection to 'ws://localhost:8002/ws/' failed: Error during WebSocket handshake: Unexpected response code: 404 @ http://localhost:8002/static/websockets/js/ws.js:62
[  184764ms] [ERROR] WebSocket connection to 'ws://localhost:8002/ws/' failed: Error during WebSocket handshake: Unexpected response code: 404 @ http://localhost:8002/static/websockets/js/ws.js:62
[  214770ms] [ERROR] WebSocket connection to 'ws://localhost:8002/ws/' failed: Error during WebSocket handshake: Unexpected response code: 404 @ http://localhost:8002/static/websockets/js/ws.js:62
[  244774ms] [ERROR] WebSocket connection to 'ws://localhost:8002/ws/' failed: Error during WebSocket handshake: Unexpected response code: 404 @ http://localhost:8002/static/websockets/js/ws.js:62
[  274781ms] [ERROR] WebSocket connection to 'ws://localhost:8002/ws/' failed: Error during WebSocket handshake: Unexpected response code: 404 @ http://localhost:8002/static/websockets/js/ws.js:62
[  304789ms] [ERROR] WebSocket connection to 'ws://localhost:8002/ws/' failed: Error during WebSocket handshake: Unexpected response code: 404 @ http://localhost:8002/static/websockets/js/ws.js:62
[  334795ms] [ERROR] WebSocket connection to 'ws://localhost:8002/ws/' failed: Error during WebSocket handshake: Unexpected response code: 404 @ http://localhost:8002/static/websockets/js/ws.js:62
[  364803ms] [ERROR] WebSocket connection to 'ws://localhost:8002/ws/' failed: Error during WebSocket handshake: Unexpected response code: 404 @ http://localhost:8002/static/websockets/js/ws.js:62
[  394810ms] [ERROR] WebSocket connection to 'ws://localhost:8002/ws/' failed: Error during WebSocket handshake: Unexpected response code: 404 @ http://localhost:8002/static/websockets/js/ws.js:62
[  424820ms] [ERROR] WebSocket connection to 'ws://localhost:8002/ws/' failed: Error during WebSocket handshake: Unexpected response code: 404 @ http://localhost:8002/static/websockets/js/ws.js:62
[  454826ms] [ERROR] WebSocket connection to 'ws://localhost:8002/ws/' failed: Error during WebSocket handshake: Unexpected response code: 404 @ http://localhost:8002/static/websockets/js/ws.js:62
[  484834ms] [ERROR] WebSocket connection to 'ws://localhost:8002/ws/' failed: Error during WebSocket handshake: Unexpected response code: 404 @ http://localhost:8002/static/websockets/js/ws.js:62
[  514838ms] [ERROR] WebSocket connection to 'ws://localhost:8002/ws/' failed: Error during WebSocket handshake: Unexpected response code: 404 @ http://localhost:8002/static/websockets/js/ws.js:62
[  544845ms] [ERROR] WebSocket connection to 'ws://localhost:8002/ws/' failed: Error during WebSocket handshake: Unexpected response code: 404 @ http://localhost:8002/static/websockets/js/ws.js:62
[  574853ms] [ERROR] WebSocket connection to 'ws://localhost:8002/ws/' failed: Error during WebSocket handshake: Unexpected response code: 404 @ http://localhost:8002/static/websockets/js/ws.js:62
[  604861ms] [ERROR] WebSocket connection to 'ws://localhost:8002/ws/' failed: Error during WebSocket handshake: Unexpected response code: 404 @ http://localhost:8002/static/websockets/js/ws.js:62
[  634871ms] [ERROR] WebSocket connection to 'ws://localhost:8002/ws/' failed: Error during WebSocket handshake: Unexpected response code: 404 @ http://localhost:8002/static/websockets/js/ws.js:62
[  664877ms] [ERROR] WebSocket connection to 'ws://localhost:8002/ws/' failed: Error during WebSocket handshake: Unexpected response code: 404 @ http://localhost:8002/static/websockets/js/ws.js:62
[  694884ms] [ERROR] WebSocket connection to 'ws://localhost:8002/ws/' failed: Error during WebSocket handshake: Unexpected response code: 404 @ http://localhost:8002/static/websockets/js/ws.js:62
[  724893ms] [ERROR] WebSocket connection to 'ws://localhost:8002/ws/' failed: Error during WebSocket handshake: Unexpected response code: 404 @ http://localhost:8002/static/websockets/js/ws.js:62
[  754902ms] [ERROR] WebSocket connection to 'ws://localhost:8002/ws/' failed: Error during WebSocket handshake: Unexpected response code: 404 @ http://localhost:8002/static/websockets/js/ws.js:62
[  784908ms] [ERROR] WebSocket connection to 'ws://localhost:8002/ws/' failed: Error during WebSocket handshake: Unexpected response code: 404 @ http://localhost:8002/static/websockets/js/ws.js:62
[  814914ms] [ERROR] WebSocket connection to 'ws://localhost:8002/ws/' failed: Error during WebSocket handshake: Unexpected response code: 404 @ http://localhost:8002/static/websockets/js/ws.js:62
[  844924ms] [ERROR] WebSocket connection to 'ws://localhost:8002/ws/' failed: Error during WebSocket handshake: Unexpected response code: 404 @ http://localhost:8002/static/websockets/js/ws.js:62
[  874929ms] [ERROR] WebSocket connection to 'ws://localhost:8002/ws/' failed: Error during WebSocket handshake: Unexpected response code: 404 @ http://localhost:8002/static/websockets/js/ws.js:62
[  904939ms] [ERROR] WebSocket connection to 'ws://localhost:8002/ws/' failed: Error during WebSocket handshake: Unexpected response code: 404 @ http://localhost:8002/static/websockets/js/ws.js:62
[  934944ms] [ERROR] WebSocket connection to 'ws://localhost:8002/ws/' failed: Error during WebSocket handshake: Unexpected response code: 404 @ http://localhost:8002/static/websockets/js/ws.js:62
[  964950ms] [ERROR] WebSocket connection to 'ws://localhost:8002/ws/' failed: Error during WebSocket handshake: Unexpected response code: 404 @ http://localhost:8002/static/websockets/js/ws.js:62
[  994958ms] [ERROR] WebSocket connection to 'ws://localhost:8002/ws/' failed: Error during WebSocket handshake: Unexpected response code: 404 @ http://localhost:8002/static/websockets/js/ws.js:62
[ 1024963ms] [ERROR] WebSocket connection to 'ws://localhost:8002/ws/' failed: Error during WebSocket handshake: Unexpected response code: 404 @ http://localhost:8002/static/websockets/js/ws.js:62
[ 1054968ms] [ERROR] WebSocket connection to 'ws://localhost:8002/ws/' failed: Error during WebSocket handshake: Unexpected response code: 404 @ http://localhost:8002/static/websockets/js/ws.js:62
[ 1084974ms] [ERROR] WebSocket connection to 'ws://localhost:8002/ws/' failed: Error during WebSocket handshake: Unexpected response code: 404 @ http://localhost:8002/static/websockets/js/ws.js:62
[ 1114979ms] [ERROR] WebSocket connection to 'ws://localhost:8002/ws/' failed: Error during WebSocket handshake: Unexpected response code: 404 @ http://localhost:8002/static/websockets/js/ws.js:62
[ 1144985ms] [ERROR] WebSocket connection to 'ws://localhost:8002/ws/' failed: Error during WebSocket handshake: Unexpected response code: 404 @ http://localhost:8002/static/websockets/js/ws.js:62
[ 1174995ms] [ERROR] WebSocket connection to 'ws://localhost:8002/ws/' failed: Error during WebSocket handshake: Unexpected response code: 404 @ http://localhost:8002/static/websockets/js/ws.js:62
[ 1205000ms] [ERROR] WebSocket connection to 'ws://localhost:8002/ws/' failed: Error during WebSocket handshake: Unexpected response code: 404 @ http://localhost:8002/static/websockets/js/ws.js:62
[ 1235010ms] [ERROR] WebSocket connection to 'ws://localhost:8002/ws/' failed: Error during WebSocket handshake: Unexpected response code: 404 @ http://localhost:8002/static/websockets/js/ws.js:62
[ 1265018ms] [ERROR] WebSocket connection to 'ws://localhost:8002/ws/' failed: Error during WebSocket handshake: Unexpected response code: 404 @ http://localhost:8002/static/websockets/js/ws.js:62
[ 1295026ms] [ERROR] WebSocket connection to 'ws://localhost:8002/ws/' failed: Error during WebSocket handshake: Unexpected response code: 404 @ http://localhost:8002/static/websockets/js/ws.js:62
[ 1325035ms] [ERROR] WebSocket connection to 'ws://localhost:8002/ws/' failed: Error during WebSocket handshake: Unexpected response code: 404 @ http://localhost:8002/static/websockets/js/ws.js:62
[ 1355044ms] [ERROR] WebSocket connection to 'ws://localhost:8002/ws/' failed: Error during WebSocket handshake: Unexpected response code: 404 @ http://localhost:8002/static/websockets/js/ws.js:62
[ 1385053ms] [ERROR] WebSocket connection to 'ws://localhost:8002/ws/' failed: Error during WebSocket handshake: Unexpected response code: 404 @ http://localhost:8002/static/websockets/js/ws.js:62
[ 1415059ms] [ERROR] WebSocket connection to 'ws://localhost:8002/ws/' failed: Error during WebSocket handshake: Unexpected response code: 404 @ http://localhost:8002/static/websockets/js/ws.js:62
[ 1445070ms] [ERROR] WebSocket connection to 'ws://localhost:8002/ws/' failed: Error during WebSocket handshake: Unexpected response code: 404 @ http://localhost:8002/static/websockets/js/ws.js:62
[ 1475076ms] [ERROR] WebSocket connection to 'ws://localhost:8002/ws/' failed: Error during WebSocket handshake: Unexpected response code: 404 @ http://localhost:8002/static/websockets/js/ws.js:62
[ 1505080ms] [ERROR] WebSocket connection to 'ws://localhost:8002/ws/' failed: Error during WebSocket handshake: Unexpected response code: 404 @ http://localhost:8002/static/websockets/js/ws.js:62
[ 1535090ms] [ERROR] WebSocket connection to 'ws://localhost:8002/ws/' failed: Error during WebSocket handshake: Unexpected response code: 404 @ http://localhost:8002/static/websockets/js/ws.js:62
[ 1565094ms] [ERROR] WebSocket connection to 'ws://localhost:8002/ws/' failed: Error during WebSocket handshake: Unexpected response code: 404 @ http://localhost:8002/static/websockets/js/ws.js:62
[ 1595103ms] [ERROR] WebSocket connection to 'ws://localhost:8002/ws/' failed: Error during WebSocket handshake: Unexpected response code: 404 @ http://localhost:8002/static/websockets/js/ws.js:62
[ 1625111ms] [ERROR] WebSocket connection to 'ws://localhost:8002/ws/' failed: Error during WebSocket handshake: Unexpected response code: 404 @ http://localhost:8002/static/websockets/js/ws.js:62
[ 1655116ms] [ERROR] WebSocket connection to 'ws://localhost:8002/ws/' failed: Error during WebSocket handshake: Unexpected response code: 404 @ http://localhost:8002/static/websockets/js/ws.js:62
[ 1685126ms] [ERROR] WebSocket connection to 'ws://localhost:8002/ws/' failed: Error during WebSocket handshake: Unexpected response code: 404 @ http://localhost:8002/static/websockets/js/ws.js:62
[ 1715134ms] [ERROR] WebSocket connection to 'ws://localhost:8002/ws/' failed: Error during WebSocket handshake: Unexpected response code: 404 @ http://localhost:8002/static/websockets/js/ws.js:62
[ 1745142ms] [ERROR] WebSocket connection to 'ws://localhost:8002/ws/' failed: Error during WebSocket handshake: Unexpected response code: 404 @ http://localhost:8002/static/websockets/js/ws.js:62
[ 1775152ms] [ERROR] WebSocket connection to 'ws://localhost:8002/ws/' failed: Error during WebSocket handshake: Unexpected response code: 404 @ http://localhost:8002/static/websockets/js/ws.js:62
[ 1805159ms] [ERROR] WebSocket connection to 'ws://localhost:8002/ws/' failed: Error during WebSocket handshake: Unexpected response code: 404 @ http://localhost:8002/static/websockets/js/ws.js:62
[ 1835167ms] [ERROR] WebSocket connection to 'ws://localhost:8002/ws/' failed: Error during WebSocket handshake: Unexpected response code: 404 @ http://localhost:8002/static/websockets/js/ws.js:62
[ 1865177ms] [ERROR] WebSocket connection to 'ws://localhost:8002/ws/' failed: Error during WebSocket handshake: Unexpected response code: 404 @ http://localhost:8002/static/websockets/js/ws.js:62
[ 1895183ms] [ERROR] WebSocket connection to 'ws://localhost:8002/ws/' failed: Error during WebSocket handshake: Unexpected response code: 404 @ http://localhost:8002/static/websockets/js/ws.js:62
[ 1925191ms] [ERROR] WebSocket connection to 'ws://localhost:8002/ws/' failed: Error during WebSocket handshake: Unexpected response code: 404 @ http://localhost:8002/static/websockets/js/ws.js:62
[ 1955204ms] [ERROR] WebSocket connection to 'ws://localhost:8002/ws/' failed: Error during WebSocket handshake: Unexpected response code: 404 @ http://localhost:8002/static/websockets/js/ws.js:62
[ 1985214ms] [ERROR] WebSocket connection to 'ws://localhost:8002/ws/' failed: Error during WebSocket handshake: Unexpected response code: 404 @ http://localhost:8002/static/websockets/js/ws.js:62
[ 2015222ms] [ERROR] WebSocket connection to 'ws://localhost:8002/ws/' failed: Error during WebSocket handshake: Unexpected response code: 404 @ http://localhost:8002/static/websockets/js/ws.js:62
[ 2045232ms] [ERROR] WebSocket connection to 'ws://localhost:8002/ws/' failed: Error during WebSocket handshake: Unexpected response code: 404 @ http://localhost:8002/static/websockets/js/ws.js:62
[ 2075237ms] [ERROR] WebSocket connection to 'ws://localhost:8002/ws/' failed: Error during WebSocket handshake: Unexpected response code: 404 @ http://localhost:8002/static/websockets/js/ws.js:62
[ 2105247ms] [ERROR] WebSocket connection to 'ws://localhost:8002/ws/' failed: Error during WebSocket handshake: Unexpected response code: 404 @ http://localhost:8002/static/websockets/js/ws.js:62
[ 2135253ms] [ERROR] WebSocket connection to 'ws://localhost:8002/ws/' failed: Error during WebSocket handshake: Unexpected response code: 404 @ http://localhost:8002/static/websockets/js/ws.js:62
[ 2165262ms] [ERROR] WebSocket connection to 'ws://localhost:8002/ws/' failed: Error during WebSocket handshake: Unexpected response code: 404 @ http://localhost:8002/static/websockets/js/ws.js:62
[ 2195266ms] [ERROR] WebSocket connection to 'ws://localhost:8002/ws/' failed: Error during WebSocket handshake: Unexpected response code: 404 @ http://localhost:8002/static/websockets/js/ws.js:62
[ 2225276ms] [ERROR] WebSocket connection to 'ws://localhost:8002/ws/' failed: Error during WebSocket handshake: Unexpected response code: 404 @ http://localhost:8002/static/websockets/js/ws.js:62
[ 2255282ms] [ERROR] WebSocket connection to 'ws://localhost:8002/ws/' failed: Error during WebSocket handshake: Unexpected response code: 404 @ http://localhost:8002/static/websockets/js/ws.js:62
[ 2285289ms] [ERROR] WebSocket connection to 'ws://localhost:8002/ws/' failed: Error during WebSocket handshake: Unexpected response code: 404 @ http://localhost:8002/static/websockets/js/ws.js:62
[ 2315297ms] [ERROR] WebSocket connection to 'ws://localhost:8002/ws/' failed: Error during WebSocket handshake: Unexpected response code: 404 @ http://localhost:8002/static/websockets/js/ws.js:62
[ 2345309ms] [ERROR] WebSocket connection to 'ws://localhost:8002/ws/' failed: Error during WebSocket handshake: Unexpected response code: 404 @ http://localhost:8002/static/websockets/js/ws.js:62
[ 2375318ms] [ERROR] WebSocket connection to 'ws://localhost:8002/ws/' failed: Error during WebSocket handshake: Unexpected response code: 404 @ http://localhost:8002/static/websockets/js/ws.js:62
[ 2405326ms] [ERROR] WebSocket connection to 'ws://localhost:8002/ws/' failed: Error during WebSocket handshake: Unexpected response code: 404 @ http://localhost:8002/static/websockets/js/ws.js:62
[ 2435331ms] [ERROR] WebSocket connection to 'ws://localhost:8002/ws/' failed: Error during WebSocket handshake: Unexpected response code: 404 @ http://localhost:8002/static/websockets/js/ws.js:62
[ 2465338ms] [ERROR] WebSocket connection to 'ws://localhost:8002/ws/' failed: Error during WebSocket handshake: Unexpected response code: 404 @ http://localhost:8002/static/websockets/js/ws.js:62
[ 2495347ms] [ERROR] WebSocket connection to 'ws://localhost:8002/ws/' failed: Error during WebSocket handshake: Unexpected response code: 404 @ http://localhost:8002/static/websockets/js/ws.js:62
[ 2525352ms] [ERROR] WebSocket connection to 'ws://localhost:8002/ws/' failed: Error during WebSocket handshake: Unexpected response code: 404 @ http://localhost:8002/static/websockets/js/ws.js:62
[ 2555360ms] [ERROR] WebSocket connection to 'ws://localhost:8002/ws/' failed: Error during WebSocket handshake: Unexpected response code: 404 @ http://localhost:8002/static/websockets/js/ws.js:62
[ 2585369ms] [ERROR] WebSocket connection to 'ws://localhost:8002/ws/' failed: Error during WebSocket handshake: Unexpected response code: 404 @ http://localhost:8002/static/websockets/js/ws.js:62
[ 2615375ms] [ERROR] WebSocket connection to 'ws://localhost:8002/ws/' failed: Error during WebSocket handshake: Unexpected response code: 404 @ http://localhost:8002/static/websockets/js/ws.js:62
[ 2645380ms] [ERROR] WebSocket connection to 'ws://localhost:8002/ws/' failed: Error during WebSocket handshake: Unexpected response code: 404 @ http://localhost:8002/static/websockets/js/ws.js:62
[ 2675384ms] [ERROR] WebSocket connection to 'ws://localhost:8002/ws/' failed: Error during WebSocket handshake: Unexpected response code: 404 @ http://localhost:8002/static/websockets/js/ws.js:62
[ 2705394ms] [ERROR] WebSocket connection to 'ws://localhost:8002/ws/' failed: Error during WebSocket handshake: Unexpected response code: 404 @ http://localhost:8002/static/websockets/js/ws.js:62
[ 2735402ms] [ERROR] WebSocket connection to 'ws://localhost:8002/ws/' failed: Error during WebSocket handshake: Unexpected response code: 404 @ http://localhost:8002/static/websockets/js/ws.js:62
[ 2765411ms] [ERROR] WebSocket connection to 'ws://localhost:8002/ws/' failed: Error during WebSocket handshake: Unexpected response code: 404 @ http://localhost:8002/static/websockets/js/ws.js:62
[ 2795416ms] [ERROR] WebSocket connection to 'ws://localhost:8002/ws/' failed: Error during WebSocket handshake: Unexpected response code: 404 @ http://localhost:8002/static/websockets/js/ws.js:62
[ 2825422ms] [ERROR] WebSocket connection to 'ws://localhost:8002/ws/' failed: Error during WebSocket handshake: Unexpected response code: 404 @ http://localhost:8002/static/websockets/js/ws.js:62
[ 2855426ms] [ERROR] WebSocket connection to 'ws://localhost:8002/ws/' failed: Error during WebSocket handshake: Unexpected response code: 404 @ http://localhost:8002/static/websockets/js/ws.js:62
[ 2885433ms] [ERROR] WebSocket connection to 'ws://localhost:8002/ws/' failed: Error during WebSocket handshake: Unexpected response code: 404 @ http://localhost:8002/static/websockets/js/ws.js:62
[ 2915441ms] [ERROR] WebSocket connection to 'ws://localhost:8002/ws/' failed: Error during WebSocket handshake: Unexpected response code: 404 @ http://localhost:8002/static/websockets/js/ws.js:62
[ 2945446ms] [ERROR] WebSocket connection to 'ws://localhost:8002/ws/' failed: Error during WebSocket handshake: Unexpected response code: 404 @ http://localhost:8002/static/websockets/js/ws.js:62
[ 2975454ms] [ERROR] WebSocket connection to 'ws://localhost:8002/ws/' failed: Error during WebSocket handshake: Unexpected response code: 404 @ http://localhost:8002/static/websockets/js/ws.js:62
[ 3005459ms] [ERROR] WebSocket connection to 'ws://localhost:8002/ws/' failed: Error during WebSocket handshake: Unexpected response code: 404 @ http://localhost:8002/static/websockets/js/ws.js:62
[ 3035467ms] [ERROR] WebSocket connection to 'ws://localhost:8002/ws/' failed: Error during WebSocket handshake: Unexpected response code: 404 @ http://localhost:8002/static/websockets/js/ws.js:62
[ 3065475ms] [ERROR] WebSocket connection to 'ws://localhost:8002/ws/' failed: Error during WebSocket handshake: Unexpected response code: 404 @ http://localhost:8002/static/websockets/js/ws.js:62
[ 3095482ms] [ERROR] WebSocket connection to 'ws://localhost:8002/ws/' failed: Error during WebSocket handshake: Unexpected response code: 404 @ http://localhost:8002/static/websockets/js/ws.js:62
[ 3125488ms] [ERROR] WebSocket connection to 'ws://localhost:8002/ws/' failed: Error during WebSocket handshake: Unexpected response code: 404 @ http://localhost:8002/static/websockets/js/ws.js:62
[ 3155494ms] [ERROR] WebSocket connection to 'ws://localhost:8002/ws/' failed: Error during WebSocket handshake: Unexpected response code: 404 @ http://localhost:8002/static/websockets/js/ws.js:62
[ 3185502ms] [ERROR] WebSocket connection to 'ws://localhost:8002/ws/' failed: Error during WebSocket handshake: Unexpected response code: 404 @ http://localhost:8002/static/websockets/js/ws.js:62
[ 3215509ms] [ERROR] WebSocket connection to 'ws://localhost:8002/ws/' failed: Error during WebSocket handshake: Unexpected response code: 404 @ http://localhost:8002/static/websockets/js/ws.js:62
[ 3245517ms] [ERROR] WebSocket connection to 'ws://localhost:8002/ws/' failed: Error during WebSocket handshake: Unexpected response code: 404 @ http://localhost:8002/static/websockets/js/ws.js:62
[ 3275524ms] [ERROR] WebSocket connection to 'ws://localhost:8002/ws/' failed: Error during WebSocket handshake: Unexpected response code: 404 @ http://localhost:8002/static/websockets/js/ws.js:62
[ 3305530ms] [ERROR] WebSocket connection to 'ws://localhost:8002/ws/' failed: Error during WebSocket handshake: Unexpected response code: 404 @ http://localhost:8002/static/websockets/js/ws.js:62
[ 3335536ms] [ERROR] WebSocket connection to 'ws://localhost:8002/ws/' failed: Error during WebSocket handshake: Unexpected response code: 404 @ http://localhost:8002/static/websockets/js/ws.js:62
[ 3365541ms] [ERROR] WebSocket connection to 'ws://localhost:8002/ws/' failed: Error during WebSocket handshake: Unexpected response code: 404 @ http://localhost:8002/static/websockets/js/ws.js:62
[ 3395547ms] [ERROR] WebSocket connection to 'ws://localhost:8002/ws/' failed: Error during WebSocket handshake: Unexpected response code: 404 @ http://localhost:8002/static/websockets/js/ws.js:62
[ 3425556ms] [ERROR] WebSocket connection to 'ws://localhost:8002/ws/' failed: Error during WebSocket handshake: Unexpected response code: 404 @ http://localhost:8002/static/websockets/js/ws.js:62
[ 3455562ms] [ERROR] WebSocket connection to 'ws://localhost:8002/ws/' failed: Error during WebSocket handshake: Unexpected response code: 404 @ http://localhost:8002/static/websockets/js/ws.js:62
[ 3485572ms] [ERROR] WebSocket connection to 'ws://localhost:8002/ws/' failed: Error during WebSocket handshake: Unexpected response code: 404 @ http://localhost:8002/static/websockets/js/ws.js:62
[ 3515581ms] [ERROR] WebSocket connection to 'ws://localhost:8002/ws/' failed: Error during WebSocket handshake: Unexpected response code: 404 @ http://localhost:8002/static/websockets/js/ws.js:62
[ 3545590ms] [ERROR] WebSocket connection to 'ws://localhost:8002/ws/' failed: Error during WebSocket handshake: Unexpected response code: 404 @ http://localhost:8002/static/websockets/js/ws.js:62
[ 3575598ms] [ERROR] WebSocket connection to 'ws://localhost:8002/ws/' failed: Error during WebSocket handshake: Unexpected response code: 404 @ http://localhost:8002/static/websockets/js/ws.js:62
[ 3605608ms] [ERROR] WebSocket connection to 'ws://localhost:8002/ws/' failed: Error during WebSocket handshake: Unexpected response code: 404 @ http://localhost:8002/static/websockets/js/ws.js:62
[ 3635617ms] [ERROR] WebSocket connection to 'ws://localhost:8002/ws/' failed: Error during WebSocket handshake: Unexpected response code: 404 @ http://localhost:8002/static/websockets/js/ws.js:62
[ 3665623ms] [ERROR] WebSocket connection to 'ws://localhost:8002/ws/' failed: Error during WebSocket handshake: Unexpected response code: 404 @ http://localhost:8002/static/websockets/js/ws.js:62
[ 3695631ms] [ERROR] WebSocket connection to 'ws://localhost:8002/ws/' failed: Error during WebSocket handshake: Unexpected response code: 404 @ http://localhost:8002/static/websockets/js/ws.js:62
[ 3725639ms] [ERROR] WebSocket connection to 'ws://localhost:8002/ws/' failed: Error during WebSocket handshake: Unexpected response code: 404 @ http://localhost:8002/static/websockets/js/ws.js:62
[ 3755651ms] [ERROR] WebSocket connection to 'ws://localhost:8002/ws/' failed: Error during WebSocket handshake: Unexpected response code: 404 @ http://localhost:8002/static/websockets/js/ws.js:62
[ 3785661ms] [ERROR] WebSocket connection to 'ws://localhost:8002/ws/' failed: Error during WebSocket handshake: Unexpected response code: 404 @ http://localhost:8002/static/websockets/js/ws.js:62
[ 3815673ms] [ERROR] WebSocket connection to 'ws://localhost:8002/ws/' failed: Error during WebSocket handshake: Unexpected response code: 404 @ http://localhost:8002/static/websockets/js/ws.js:62
[ 3845683ms] [ERROR] WebSocket connection to 'ws://localhost:8002/ws/' failed: Error during WebSocket handshake: Unexpected response code: 404 @ http://localhost:8002/static/websockets/js/ws.js:62
[ 3875689ms] [ERROR] WebSocket connection to 'ws://localhost:8002/ws/' failed: Error during WebSocket handshake: Unexpected response code: 404 @ http://localhost:8002/static/websockets/js/ws.js:62
[ 3905699ms] [ERROR] WebSocket connection to 'ws://localhost:8002/ws/' failed: Error during WebSocket handshake: Unexpected response code: 404 @ http://localhost:8002/static/websockets/js/ws.js:62
[ 3935709ms] [ERROR] WebSocket connection to 'ws://localhost:8002/ws/' failed: Error during WebSocket handshake: Unexpected response code: 404 @ http://localhost:8002/static/websockets/js/ws.js:62
[ 3965719ms] [ERROR] WebSocket connection to 'ws://localhost:8002/ws/' failed: Error during WebSocket handshake: Unexpected response code: 404 @ http://localhost:8002/static/websockets/js/ws.js:62
[ 3995730ms] [ERROR] WebSocket connection to 'ws://localhost:8002/ws/' failed: Error during WebSocket handshake: Unexpected response code: 404 @ http://localhost:8002/static/websockets/js/ws.js:62
[ 4025735ms] [ERROR] WebSocket connection to 'ws://localhost:8002/ws/' failed: Error during WebSocket handshake: Unexpected response code: 404 @ http://localhost:8002/static/websockets/js/ws.js:62
[ 4055741ms] [ERROR] WebSocket connection to 'ws://localhost:8002/ws/' failed: Error during WebSocket handshake: Unexpected response code: 404 @ http://localhost:8002/static/websockets/js/ws.js:62
[ 4085748ms] [ERROR] WebSocket connection to 'ws://localhost:8002/ws/' failed: Error during WebSocket handshake: Unexpected response code: 404 @ http://localhost:8002/static/websockets/js/ws.js:62
[ 4115756ms] [ERROR] WebSocket connection to 'ws://localhost:8002/ws/' failed: Error during WebSocket handshake: Unexpected response code: 404 @ http://localhost:8002/static/websockets/js/ws.js:62
[ 4145767ms] [ERROR] WebSocket connection to 'ws://localhost:8002/ws/' failed: Error during WebSocket handshake: Unexpected response code: 404 @ http://localhost:8002/static/websockets/js/ws.js:62
[ 4175777ms] [ERROR] WebSocket connection to 'ws://localhost:8002/ws/' failed: Error during WebSocket handshake: Unexpected response code: 404 @ http://localhost:8002/static/websockets/js/ws.js:62
[ 4205787ms] [ERROR] WebSocket connection to 'ws://localhost:8002/ws/' failed: Error during WebSocket handshake: Unexpected response code: 404 @ http://localhost:8002/static/websockets/js/ws.js:62
[ 4235796ms] [ERROR] WebSocket connection to 'ws://localhost:8002/ws/' failed: Error during WebSocket handshake: Unexpected response code: 404 @ http://localhost:8002/static/websockets/js/ws.js:62
[ 4265809ms] [ERROR] WebSocket connection to 'ws://localhost:8002/ws/' failed: Error during WebSocket handshake: Unexpected response code: 404 @ http://localhost:8002/static/websockets/js/ws.js:62
[ 4295818ms] [ERROR] WebSocket connection to 'ws://localhost:8002/ws/' failed: Error during WebSocket handshake: Unexpected response code: 404 @ http://localhost:8002/static/websockets/js/ws.js:62
[ 4325830ms] [ERROR] WebSocket connection to 'ws://localhost:8002/ws/' failed: Error during WebSocket handshake: Unexpected response code: 404 @ http://localhost:8002/static/websockets/js/ws.js:62
[ 4355838ms] [ERROR] WebSocket connection to 'ws://localhost:8002/ws/' failed: Error during WebSocket handshake: Unexpected response code: 404 @ http://localhost:8002/static/websockets/js/ws.js:62
[ 4385848ms] [ERROR] WebSocket connection to 'ws://localhost:8002/ws/' failed: Error during WebSocket handshake: Unexpected response code: 404 @ http://localhost:8002/static/websockets/js/ws.js:62
[ 4415858ms] [ERROR] WebSocket connection to 'ws://localhost:8002/ws/' failed: Error during WebSocket handshake: Unexpected response code: 404 @ http://localhost:8002/static/websockets/js/ws.js:62
[ 4445864ms] [ERROR] WebSocket connection to 'ws://localhost:8002/ws/' failed: Error during WebSocket handshake: Unexpected response code: 404 @ http://localhost:8002/static/websockets/js/ws.js:62
[ 4475872ms] [ERROR] WebSocket connection to 'ws://localhost:8002/ws/' failed: Error during WebSocket handshake: Unexpected response code: 404 @ http://localhost:8002/static/websockets/js/ws.js:62
[ 4505881ms] [ERROR] WebSocket connection to 'ws://localhost:8002/ws/' failed: Error during WebSocket handshake: Unexpected response code: 404 @ http://localhost:8002/static/websockets/js/ws.js:62
[ 4535889ms] [ERROR] WebSocket connection to 'ws://localhost:8002/ws/' failed: Error during WebSocket handshake: Unexpected response code: 404 @ http://localhost:8002/static/websockets/js/ws.js:62
[ 4565899ms] [ERROR] WebSocket connection to 'ws://localhost:8002/ws/' failed: Error during WebSocket handshake: Unexpected response code: 404 @ http://localhost:8002/static/websockets/js/ws.js:62
[ 4595905ms] [ERROR] WebSocket connection to 'ws://localhost:8002/ws/' failed: Error during WebSocket handshake: Unexpected response code: 404 @ http://localhost:8002/static/websockets/js/ws.js:62
[ 4625916ms] [ERROR] WebSocket connection to 'ws://localhost:8002/ws/' failed: Error during WebSocket handshake: Unexpected response code: 404 @ http://localhost:8002/static/websockets/js/ws.js:62
[ 4655928ms] [ERROR] WebSocket connection to 'ws://localhost:8002/ws/' failed: Error during WebSocket handshake: Unexpected response code: 404 @ http://localhost:8002/static/websockets/js/ws.js:62
[ 4685938ms] [ERROR] WebSocket connection to 'ws://localhost:8002/ws/' failed: Error during WebSocket handshake: Unexpected response code: 404 @ http://localhost:8002/static/websockets/js/ws.js:62
[ 4715945ms] [ERROR] WebSocket connection to 'ws://localhost:8002/ws/' failed: Error during WebSocket handshake: Unexpected response code: 404 @ http://localhost:8002/static/websockets/js/ws.js:62
[ 4745953ms] [ERROR] WebSocket connection to 'ws://localhost:8002/ws/' failed: Error during WebSocket handshake: Unexpected response code: 404 @ http://localhost:8002/static/websockets/js/ws.js:62
[ 4775962ms] [ERROR] WebSocket connection to 'ws://localhost:8002/ws/' failed: Error during WebSocket handshake: Unexpected response code: 404 @ http://localhost:8002/static/websockets/js/ws.js:62
[ 4805973ms] [ERROR] WebSocket connection to 'ws://localhost:8002/ws/' failed: Error during WebSocket handshake: Unexpected response code: 404 @ http://localhost:8002/static/websockets/js/ws.js:62
[ 4835981ms] [ERROR] WebSocket connection to 'ws://localhost:8002/ws/' failed: Error during WebSocket handshake: Unexpected response code: 404 @ http://localhost:8002/static/websockets/js/ws.js:62
[ 4865993ms] [ERROR] WebSocket connection to 'ws://localhost:8002/ws/' failed: Error during WebSocket handshake: Unexpected response code: 404 @ http://localhost:8002/static/websockets/js/ws.js:62
[ 4896001ms] [ERROR] WebSocket connection to 'ws://localhost:8002/ws/' failed: Error during WebSocket handshake: Unexpected response code: 404 @ http://localhost:8002/static/websockets/js/ws.js:62
[ 4926011ms] [ERROR] WebSocket connection to 'ws://localhost:8002/ws/' failed: Error during WebSocket handshake: Unexpected response code: 404 @ http://localhost:8002/static/websockets/js/ws.js:62
[ 4956021ms] [ERROR] WebSocket connection to 'ws://localhost:8002/ws/' failed: Error during WebSocket handshake: Unexpected response code: 404 @ http://localhost:8002/static/websockets/js/ws.js:62
[ 4986038ms] [ERROR] WebSocket connection to 'ws://localhost:8002/ws/' failed: Error during WebSocket handshake: Unexpected response code: 404 @ http://localhost:8002/static/websockets/js/ws.js:62
[ 5016043ms] [ERROR] WebSocket connection to 'ws://localhost:8002/ws/' failed: Error during WebSocket handshake: Unexpected response code: 404 @ http://localhost:8002/static/websockets/js/ws.js:62
[ 5046050ms] [ERROR] WebSocket connection to 'ws://localhost:8002/ws/' failed: Error during WebSocket handshake: Unexpected response code: 404 @ http://localhost:8002/static/websockets/js/ws.js:62
[ 5076056ms] [ERROR] WebSocket connection to 'ws://localhost:8002/ws/' failed: Error during WebSocket handshake: Unexpected response code: 404 @ http://localhost:8002/static/websockets/js/ws.js:62
[ 5106065ms] [ERROR] WebSocket connection to 'ws://localhost:8002/ws/' failed: Error during WebSocket handshake: Unexpected response code: 404 @ http://localhost:8002/static/websockets/js/ws.js:62
[ 5136074ms] [ERROR] WebSocket connection to 'ws://localhost:8002/ws/' failed: Error during WebSocket handshake: Unexpected response code: 404 @ http://localhost:8002/static/websockets/js/ws.js:62
[ 5166079ms] [ERROR] WebSocket connection to 'ws://localhost:8002/ws/' failed: Error during WebSocket handshake: Unexpected response code: 404 @ http://localhost:8002/static/websockets/js/ws.js:62
[ 5196086ms] [ERROR] WebSocket connection to 'ws://localhost:8002/ws/' failed: Error during WebSocket handshake: Unexpected response code: 404 @ http://localhost:8002/static/websockets/js/ws.js:62
[ 5226096ms] [ERROR] WebSocket connection to 'ws://localhost:8002/ws/' failed: Error during WebSocket handshake: Unexpected response code: 404 @ http://localhost:8002/static/websockets/js/ws.js:62
[ 5256102ms] [ERROR] WebSocket connection to 'ws://localhost:8002/ws/' failed: Error during WebSocket handshake: Unexpected response code: 404 @ http://localhost:8002/static/websockets/js/ws.js:62
[ 5286110ms] [ERROR] WebSocket connection to 'ws://localhost:8002/ws/' failed: Error during WebSocket handshake: Unexpected response code: 404 @ http://localhost:8002/static/websockets/js/ws.js:62
[ 5316117ms] [ERROR] WebSocket connection to 'ws://localhost:8002/ws/' failed: Error during WebSocket handshake: Unexpected response code: 404 @ http://localhost:8002/static/websockets/js/ws.js:62
[ 5346124ms] [ERROR] WebSocket connection to 'ws://localhost:8002/ws/' failed: Error during WebSocket handshake: Unexpected response code: 404 @ http://localhost:8002/static/websockets/js/ws.js:62
[ 5376134ms] [ERROR] WebSocket connection to 'ws://localhost:8002/ws/' failed: Error during WebSocket handshake: Unexpected response code: 404 @ http://localhost:8002/static/websockets/js/ws.js:62
[ 5406142ms] [ERROR] WebSocket connection to 'ws://localhost:8002/ws/' failed: Error during WebSocket handshake: Unexpected response code: 404 @ http://localhost:8002/static/websockets/js/ws.js:62
[ 5436152ms] [ERROR] WebSocket connection to 'ws://localhost:8002/ws/' failed: Error during WebSocket handshake: Unexpected response code: 404 @ http://localhost:8002/static/websockets/js/ws.js:62
[ 5466159ms] [ERROR] WebSocket connection to 'ws://localhost:8002/ws/' failed: Error during WebSocket handshake: Unexpected response code: 404 @ http://localhost:8002/static/websockets/js/ws.js:62
[ 5496168ms] [ERROR] WebSocket connection to 'ws://localhost:8002/ws/' failed: Error during WebSocket handshake: Unexpected response code: 404 @ http://localhost:8002/static/websockets/js/ws.js:62
[ 5526180ms] [ERROR] WebSocket connection to 'ws://localhost:8002/ws/' failed: Error during WebSocket handshake: Unexpected response code: 404 @ http://localhost:8002/static/websockets/js/ws.js:62
[ 5556187ms] [ERROR] WebSocket connection to 'ws://localhost:8002/ws/' failed: Error during WebSocket handshake: Unexpected response code: 404 @ http://localhost:8002/static/websockets/js/ws.js:62
[ 5586196ms] [ERROR] WebSocket connection to 'ws://localhost:8002/ws/' failed: Error during WebSocket handshake: Unexpected response code: 404 @ http://localhost:8002/static/websockets/js/ws.js:62
[ 5616201ms] [ERROR] WebSocket connection to 'ws://localhost:8002/ws/' failed: Error during WebSocket handshake: Unexpected response code: 404 @ http://localhost:8002/static/websockets/js/ws.js:62
[ 5646210ms] [ERROR] WebSocket connection to 'ws://localhost:8002/ws/' failed: Error during WebSocket handshake: Unexpected response code: 404 @ http://localhost:8002/static/websockets/js/ws.js:62
[ 5676215ms] [ERROR] WebSocket connection to 'ws://localhost:8002/ws/' failed: Error during WebSocket handshake: Unexpected response code: 404 @ http://localhost:8002/static/websockets/js/ws.js:62
[ 5706225ms] [ERROR] WebSocket connection to 'ws://localhost:8002/ws/' failed: Error during WebSocket handshake: Unexpected response code: 404 @ http://localhost:8002/static/websockets/js/ws.js:62
[ 5736234ms] [ERROR] WebSocket connection to 'ws://localhost:8002/ws/' failed: Error during WebSocket handshake: Unexpected response code: 404 @ http://localhost:8002/static/websockets/js/ws.js:62
[ 5766243ms] [ERROR] WebSocket connection to 'ws://localhost:8002/ws/' failed: Error during WebSocket handshake: Unexpected response code: 404 @ http://localhost:8002/static/websockets/js/ws.js:62
[ 5796251ms] [ERROR] WebSocket connection to 'ws://localhost:8002/ws/' failed: Error during WebSocket handshake: Unexpected response code: 404 @ http://localhost:8002/static/websockets/js/ws.js:62
[ 5826259ms] [ERROR] WebSocket connection to 'ws://localhost:8002/ws/' failed: Error during WebSocket handshake: Unexpected response code: 404 @ http://localhost:8002/static/websockets/js/ws.js:62
[ 5856269ms] [ERROR] WebSocket connection to 'ws://localhost:8002/ws/' failed: Error during WebSocket handshake: Unexpected response code: 404 @ http://localhost:8002/static/websockets/js/ws.js:62
[ 5886278ms] [ERROR] WebSocket connection to 'ws://localhost:8002/ws/' failed: Error during WebSocket handshake: Unexpected response code: 404 @ http://localhost:8002/static/websockets/js/ws.js:62
[ 5916291ms] [ERROR] WebSocket connection to 'ws://localhost:8002/ws/' failed: Error during WebSocket handshake: Unexpected response code: 404 @ http://localhost:8002/static/websockets/js/ws.js:62
[ 5946302ms] [ERROR] WebSocket connection to 'ws://localhost:8002/ws/' failed: Error during WebSocket handshake: Unexpected response code: 404 @ http://localhost:8002/static/websockets/js/ws.js:62
[ 5976309ms] [ERROR] WebSocket connection to 'ws://localhost:8002/ws/' failed: Error during WebSocket handshake: Unexpected response code: 404 @ http://localhost:8002/static/websockets/js/ws.js:62
[ 6006320ms] [ERROR] WebSocket connection to 'ws://localhost:8002/ws/' failed: Error during WebSocket handshake: Unexpected response code: 404 @ http://localhost:8002/static/websockets/js/ws.js:62
[ 6036326ms] [ERROR] WebSocket connection to 'ws://localhost:8002/ws/' failed: Error during WebSocket handshake: Unexpected response code: 404 @ http://localhost:8002/static/websockets/js/ws.js:62
[ 6066332ms] [ERROR] WebSocket connection to 'ws://localhost:8002/ws/' failed: Error during WebSocket handshake: Unexpected response code: 404 @ http://localhost:8002/static/websockets/js/ws.js:62
[ 6096337ms] [ERROR] WebSocket connection to 'ws://localhost:8002/ws/' failed: Error during WebSocket handshake: Unexpected response code: 404 @ http://localhost:8002/static/websockets/js/ws.js:62
[ 6126345ms] [ERROR] WebSocket connection to 'ws://localhost:8002/ws/' failed: Error during WebSocket handshake: Unexpected response code: 404 @ http://localhost:8002/static/websockets/js/ws.js:62
[ 6156359ms] [ERROR] WebSocket connection to 'ws://localhost:8002/ws/' failed: Error during WebSocket handshake: Unexpected response code: 404 @ http://localhost:8002/static/websockets/js/ws.js:62
[ 6186372ms] [ERROR] WebSocket connection to 'ws://localhost:8002/ws/' failed: Error during WebSocket handshake: Unexpected response code: 404 @ http://localhost:8002/static/websockets/js/ws.js:62
[ 6216380ms] [ERROR] WebSocket connection to 'ws://localhost:8002/ws/' failed: Error during WebSocket handshake: Unexpected response code: 404 @ http://localhost:8002/static/websockets/js/ws.js:62
[ 6246392ms] [ERROR] WebSocket connection to 'ws://localhost:8002/ws/' failed: Error during WebSocket handshake: Unexpected response code: 404 @ http://localhost:8002/static/websockets/js/ws.js:62
[ 6276399ms] [ERROR] WebSocket connection to 'ws://localhost:8002/ws/' failed: Error during WebSocket handshake: Unexpected response code: 404 @ http://localhost:8002/static/websockets/js/ws.js:62
[ 6306409ms] [ERROR] WebSocket connection to 'ws://localhost:8002/ws/' failed: Error during WebSocket handshake: Unexpected response code: 404 @ http://localhost:8002/static/websockets/js/ws.js:62
[ 6336412ms] [ERROR] WebSocket connection to 'ws://localhost:8002/ws/' failed: Error during WebSocket handshake: Unexpected response code: 404 @ http://localhost:8002/static/websockets/js/ws.js:62
[ 6366423ms] [ERROR] WebSocket connection to 'ws://localhost:8002/ws/' failed: Error during WebSocket handshake: Unexpected response code: 404 @ http://localhost:8002/static/websockets/js/ws.js:62
[ 6396429ms] [ERROR] WebSocket connection to 'ws://localhost:8002/ws/' failed: Error during WebSocket handshake: Unexpected response code: 404 @ http://localhost:8002/static/websockets/js/ws.js:62
[ 6426440ms] [ERROR] WebSocket connection to 'ws://localhost:8002/ws/' failed: Error during WebSocket handshake: Unexpected response code: 404 @ http://localhost:8002/static/websockets/js/ws.js:62
[ 6456452ms] [ERROR] WebSocket connection to 'ws://localhost:8002/ws/' failed: Error during WebSocket handshake: Unexpected response code: 404 @ http://localhost:8002/static/websockets/js/ws.js:62
[ 6486458ms] [ERROR] WebSocket connection to 'ws://localhost:8002/ws/' failed: Error during WebSocket handshake: Unexpected response code: 404 @ http://localhost:8002/static/websockets/js/ws.js:62
[ 6516467ms] [ERROR] WebSocket connection to 'ws://localhost:8002/ws/' failed: Error during WebSocket handshake: Unexpected response code: 404 @ http://localhost:8002/static/websockets/js/ws.js:62
[ 6546476ms] [ERROR] WebSocket connection to 'ws://localhost:8002/ws/' failed: Error during WebSocket handshake: Unexpected response code: 404 @ http://localhost:8002/static/websockets/js/ws.js:62
[ 6576480ms] [ERROR] WebSocket connection to 'ws://localhost:8002/ws/' failed: Error during WebSocket handshake: Unexpected response code: 404 @ http://localhost:8002/static/websockets/js/ws.js:62
[ 6606491ms] [ERROR] WebSocket connection to 'ws://localhost:8002/ws/' failed: Error during WebSocket handshake: Unexpected response code: 404 @ http://localhost:8002/static/websockets/js/ws.js:62
[ 6636498ms] [ERROR] WebSocket connection to 'ws://localhost:8002/ws/' failed: Error during WebSocket handshake: Unexpected response code: 404 @ http://localhost:8002/static/websockets/js/ws.js:62
[ 6666509ms] [ERROR] WebSocket connection to 'ws://localhost:8002/ws/' failed: Error during WebSocket handshake: Unexpected response code: 404 @ http://localhost:8002/static/websockets/js/ws.js:62
